0 info it worked if it ends with ok
1 verbose cli [ '/usr/local/bin/node', '/usr/local/bin/npm', 'install' ]
2 info using npm@1.4.28
3 info using node@v0.10.33
4 verbose readDependencies using package.json deps
5 verbose install where, deps [ '/home/nimaai/src/private/nlr-web', [ 'nlr-js', 'funcunit' ] ]
6 info preinstall nlr-web@1.0.0
7 verbose readDependencies using package.json deps
8 verbose cache add [ 'nlr-js@git+https://github.com/nimaai/nlr-js-core', null ]
9 verbose cache add name=undefined spec="nlr-js@git+https://github.com/nimaai/nlr-js-core" args=["nlr-js@git+https://github.com/nimaai/nlr-js-core",null]
10 verbose parsed url { protocol: null,
10 verbose parsed url   slashes: null,
10 verbose parsed url   auth: null,
10 verbose parsed url   host: null,
10 verbose parsed url   port: null,
10 verbose parsed url   hostname: null,
10 verbose parsed url   hash: null,
10 verbose parsed url   search: null,
10 verbose parsed url   query: null,
10 verbose parsed url   pathname: 'nlr-js@git+https://github.com/nimaai/nlr-js-core',
10 verbose parsed url   path: 'nlr-js@git+https://github.com/nimaai/nlr-js-core',
10 verbose parsed url   href: 'nlr-js@git+https://github.com/nimaai/nlr-js-core' }
11 verbose cache add [ 'funcunit@git+https://github.com/bitovi/funcunit', null ]
12 verbose cache add name=undefined spec="funcunit@git+https://github.com/bitovi/funcunit" args=["funcunit@git+https://github.com/bitovi/funcunit",null]
13 verbose parsed url { protocol: null,
13 verbose parsed url   slashes: null,
13 verbose parsed url   auth: null,
13 verbose parsed url   host: null,
13 verbose parsed url   port: null,
13 verbose parsed url   hostname: null,
13 verbose parsed url   hash: null,
13 verbose parsed url   search: null,
13 verbose parsed url   query: null,
13 verbose parsed url   pathname: 'funcunit@git+https://github.com/bitovi/funcunit',
13 verbose parsed url   path: 'funcunit@git+https://github.com/bitovi/funcunit',
13 verbose parsed url   href: 'funcunit@git+https://github.com/bitovi/funcunit' }
14 verbose cache add name="nlr-js" spec="git+https://github.com/nimaai/nlr-js-core" args=["nlr-js","git+https://github.com/nimaai/nlr-js-core"]
15 verbose parsed url { protocol: 'git+https:',
15 verbose parsed url   slashes: true,
15 verbose parsed url   auth: null,
15 verbose parsed url   host: 'github.com',
15 verbose parsed url   port: null,
15 verbose parsed url   hostname: 'github.com',
15 verbose parsed url   hash: null,
15 verbose parsed url   search: null,
15 verbose parsed url   query: null,
15 verbose parsed url   pathname: '/nimaai/nlr-js-core',
15 verbose parsed url   path: '/nimaai/nlr-js-core',
15 verbose parsed url   href: 'git+https://github.com/nimaai/nlr-js-core' }
16 verbose cache add name="funcunit" spec="git+https://github.com/bitovi/funcunit" args=["funcunit","git+https://github.com/bitovi/funcunit"]
17 verbose parsed url { protocol: 'git+https:',
17 verbose parsed url   slashes: true,
17 verbose parsed url   auth: null,
17 verbose parsed url   host: 'github.com',
17 verbose parsed url   port: null,
17 verbose parsed url   hostname: 'github.com',
17 verbose parsed url   hash: null,
17 verbose parsed url   search: null,
17 verbose parsed url   query: null,
17 verbose parsed url   pathname: '/bitovi/funcunit',
17 verbose parsed url   path: '/bitovi/funcunit',
17 verbose parsed url   href: 'git+https://github.com/bitovi/funcunit' }
18 silly lockFile e5261d0e-ps-github-com-nimaai-nlr-js-core https://github.com/nimaai/nlr-js-core
19 verbose lock https://github.com/nimaai/nlr-js-core /home/nimaai/.npm/e5261d0e-ps-github-com-nimaai-nlr-js-core.lock
20 silly lockFile ddf0bf2e-https-github-com-bitovi-funcunit https://github.com/bitovi/funcunit
21 verbose lock https://github.com/bitovi/funcunit /home/nimaai/.npm/ddf0bf2e-https-github-com-bitovi-funcunit.lock
22 verbose addRemoteGit [ 'https://github.com/nimaai/nlr-js-core', 'master' ]
23 verbose addRemoteGit [ 'https://github.com/bitovi/funcunit', 'master' ]
24 verbose git remote.origin.url https://github.com/nimaai/nlr-js-core
25 verbose git remote.origin.url https://github.com/bitovi/funcunit
26 verbose git fetch -a origin (https://github.com/nimaai/nlr-js-core)
27 verbose git rev-list -n1 master 06067de75f6ed7c58a40c5d64c1e1479adc29433
28 verbose resolved git url git+https://github.com/nimaai/nlr-js-core#06067de75f6ed7c58a40c5d64c1e1479adc29433
29 verbose tar unpack /tmp/npm-7409-lUjyZddJ/1421703446679-0.5933785301167518/tmp.tgz
30 silly lockFile 762e64f4--5933785301167518-tmp-tgz-unpack tar:///tmp/npm-7409-lUjyZddJ/1421703446679-0.5933785301167518/tmp.tgz-unpack
31 verbose lock tar:///tmp/npm-7409-lUjyZddJ/1421703446679-0.5933785301167518/tmp.tgz-unpack /home/nimaai/.npm/762e64f4--5933785301167518-tmp-tgz-unpack.lock
32 silly lockFile bf06aef2-46679-0-5933785301167518-tmp-tgz tar:///tmp/npm-7409-lUjyZddJ/1421703446679-0.5933785301167518/tmp.tgz
33 verbose lock tar:///tmp/npm-7409-lUjyZddJ/1421703446679-0.5933785301167518/tmp.tgz /home/nimaai/.npm/bf06aef2-46679-0-5933785301167518-tmp-tgz.lock
34 silly gunzTarPerm modes [ '755', '644' ]
35 silly gunzTarPerm extractEntry
36 silly gunzTarPerm modified mode [ '', 509, 493 ]
37 silly gunzTarPerm extractEntry .gitignore
38 silly gunzTarPerm modified mode [ '.gitignore', 436, 420 ]
39 silly gunzTarPerm extractEntry .travis.yml
40 silly gunzTarPerm modified mode [ '.travis.yml', 436, 420 ]
41 silly gunzTarPerm extractEntry data/
42 silly gunzTarPerm modified mode [ 'data/', 509, 493 ]
43 silly gunzTarPerm extractEntry data/english-names.json
44 silly gunzTarPerm modified mode [ 'data/english-names.json', 436, 420 ]
45 silly gunzTarPerm extractEntry data/long/
46 silly gunzTarPerm modified mode [ 'data/long/', 509, 493 ]
47 silly gunzTarPerm extractEntry data/long/aparahna.json
48 silly gunzTarPerm modified mode [ 'data/long/aparahna.json', 436, 420 ]
49 silly gunzTarPerm extractEntry data/long/madhyahna.json
50 silly gunzTarPerm modified mode [ 'data/long/madhyahna.json', 436, 420 ]
51 silly gunzTarPerm extractEntry data/long/nisha.json
52 silly gunzTarPerm modified mode [ 'data/long/nisha.json', 436, 420 ]
53 silly gunzTarPerm extractEntry data/long/nishanta.json
54 silly gunzTarPerm modified mode [ 'data/long/nishanta.json', 436, 420 ]
55 silly gunzTarPerm extractEntry data/long/pradosha.json
56 silly gunzTarPerm modified mode [ 'data/long/pradosha.json', 436, 420 ]
57 silly gunzTarPerm extractEntry data/long/prataha.json
58 silly gunzTarPerm modified mode [ 'data/long/prataha.json', 436, 420 ]
59 silly gunzTarPerm extractEntry data/long/purvahna.json
60 silly gunzTarPerm modified mode [ 'data/long/purvahna.json', 436, 420 ]
61 silly gunzTarPerm extractEntry data/long/shayana.json
62 silly gunzTarPerm modified mode [ 'data/long/shayana.json', 436, 420 ]
63 silly gunzTarPerm extractEntry data/rupa-descriptions.json
64 silly gunzTarPerm modified mode [ 'data/rupa-descriptions.json', 436, 420 ]
65 silly gunzTarPerm extractEntry data/sanskrit-names.json
66 silly gunzTarPerm modified mode [ 'data/sanskrit-names.json', 436, 420 ]
67 silly gunzTarPerm extractEntry data/short-descriptions.json
68 silly gunzTarPerm modified mode [ 'data/short-descriptions.json', 436, 420 ]
69 silly gunzTarPerm extractEntry data/time-intervals.json
70 silly gunzTarPerm modified mode [ 'data/time-intervals.json', 436, 420 ]
71 silly gunzTarPerm extractEntry data/vishvanath-descriptions.json
72 silly gunzTarPerm modified mode [ 'data/vishvanath-descriptions.json', 436, 420 ]
73 silly gunzTarPerm extractEntry lib/
74 silly gunzTarPerm modified mode [ 'lib/', 509, 493 ]
75 silly gunzTarPerm extractEntry lib/index.js
76 silly gunzTarPerm modified mode [ 'lib/index.js', 436, 420 ]
77 silly gunzTarPerm extractEntry lib/time.js
78 silly gunzTarPerm modified mode [ 'lib/time.js', 436, 420 ]
79 silly gunzTarPerm extractEntry main.js
80 silly gunzTarPerm modified mode [ 'main.js', 436, 420 ]
81 silly gunzTarPerm extractEntry package.json
82 silly gunzTarPerm modified mode [ 'package.json', 436, 420 ]
83 silly gunzTarPerm extractEntry test/
84 silly gunzTarPerm modified mode [ 'test/', 509, 493 ]
85 silly gunzTarPerm extractEntry test/test-index.js
86 silly gunzTarPerm modified mode [ 'test/test-index.js', 436, 420 ]
87 silly gunzTarPerm extractEntry test/test-main-interface.js
88 silly gunzTarPerm modified mode [ 'test/test-main-interface.js', 436, 420 ]
89 silly lockFile 762e64f4--5933785301167518-tmp-tgz-unpack tar:///tmp/npm-7409-lUjyZddJ/1421703446679-0.5933785301167518/tmp.tgz-unpack
90 silly lockFile 762e64f4--5933785301167518-tmp-tgz-unpack tar:///tmp/npm-7409-lUjyZddJ/1421703446679-0.5933785301167518/tmp.tgz-unpack
91 silly lockFile bf06aef2-46679-0-5933785301167518-tmp-tgz tar:///tmp/npm-7409-lUjyZddJ/1421703446679-0.5933785301167518/tmp.tgz
92 silly lockFile bf06aef2-46679-0-5933785301167518-tmp-tgz tar:///tmp/npm-7409-lUjyZddJ/1421703446679-0.5933785301167518/tmp.tgz
93 silly lockFile e5261d0e-ps-github-com-nimaai-nlr-js-core https://github.com/nimaai/nlr-js-core
94 silly lockFile e5261d0e-ps-github-com-nimaai-nlr-js-core https://github.com/nimaai/nlr-js-core
95 verbose git fetch -a origin (https://github.com/bitovi/funcunit)
96 verbose git rev-list -n1 master 2ac9d88cc2c77d3248ef87e86610048c026e2862
97 verbose resolved git url git+https://github.com/bitovi/funcunit#2ac9d88cc2c77d3248ef87e86610048c026e2862
98 verbose tar unpack /tmp/npm-7409-lUjyZddJ/1421703446822-0.016316670458763838/tmp.tgz
99 silly lockFile 7f325929-16316670458763838-tmp-tgz-unpack tar:///tmp/npm-7409-lUjyZddJ/1421703446822-0.016316670458763838/tmp.tgz-unpack
100 verbose lock tar:///tmp/npm-7409-lUjyZddJ/1421703446822-0.016316670458763838/tmp.tgz-unpack /home/nimaai/.npm/7f325929-16316670458763838-tmp-tgz-unpack.lock
101 silly lockFile 4d837ec9-822-0-016316670458763838-tmp-tgz tar:///tmp/npm-7409-lUjyZddJ/1421703446822-0.016316670458763838/tmp.tgz
102 verbose lock tar:///tmp/npm-7409-lUjyZddJ/1421703446822-0.016316670458763838/tmp.tgz /home/nimaai/.npm/4d837ec9-822-0-016316670458763838-tmp-tgz.lock
103 silly gunzTarPerm modes [ '755', '644' ]
104 silly gunzTarPerm extractEntry
105 silly gunzTarPerm modified mode [ '', 509, 493 ]
106 silly gunzTarPerm extractEntry .bowerrc
107 silly gunzTarPerm modified mode [ '.bowerrc', 436, 420 ]
108 silly gunzTarPerm extractEntry .gitignore
109 silly gunzTarPerm modified mode [ '.gitignore', 436, 420 ]
110 silly gunzTarPerm extractEntry .gitmodules
111 silly gunzTarPerm modified mode [ '.gitmodules', 436, 420 ]
112 silly gunzTarPerm extractEntry .travis.yml
113 silly gunzTarPerm modified mode [ '.travis.yml', 436, 420 ]
114 silly gunzTarPerm extractEntry Gruntfile.js
115 silly gunzTarPerm modified mode [ 'Gruntfile.js', 436, 420 ]
116 silly gunzTarPerm extractEntry LICENSE
117 silly gunzTarPerm modified mode [ 'LICENSE', 436, 420 ]
118 silly gunzTarPerm extractEntry README.md
119 silly gunzTarPerm modified mode [ 'README.md', 436, 420 ]
120 silly gunzTarPerm extractEntry bower.json
121 silly gunzTarPerm modified mode [ 'bower.json', 436, 420 ]
122 silly gunzTarPerm extractEntry browser/
123 silly gunzTarPerm modified mode [ 'browser/', 509, 493 ]
124 silly gunzTarPerm extractEntry browser/actions.js
125 silly gunzTarPerm modified mode [ 'browser/actions.js', 436, 420 ]
126 silly gunzTarPerm extractEntry browser/adapters/
127 silly gunzTarPerm modified mode [ 'browser/adapters/', 509, 493 ]
128 silly gunzTarPerm extractEntry browser/adapters/adapters.js
129 silly gunzTarPerm modified mode [ 'browser/adapters/adapters.js', 436, 420 ]
130 silly gunzTarPerm extractEntry browser/adapters/jasmine.js
131 silly gunzTarPerm modified mode [ 'browser/adapters/jasmine.js', 436, 420 ]
132 silly gunzTarPerm extractEntry browser/adapters/mocha.js
133 silly gunzTarPerm modified mode [ 'browser/adapters/mocha.js', 436, 420 ]
134 silly gunzTarPerm extractEntry browser/adapters/qunit.js
135 silly gunzTarPerm modified mode [ 'browser/adapters/qunit.js', 436, 420 ]
136 silly gunzTarPerm extractEntry browser/adapters/test/
137 silly gunzTarPerm modified mode [ 'browser/adapters/test/', 509, 493 ]
138 silly gunzTarPerm extractEntry browser/adapters/test/jasmine.html
139 silly gunzTarPerm modified mode [ 'browser/adapters/test/jasmine.html', 436, 420 ]
140 silly gunzTarPerm extractEntry browser/adapters/test/jasmine.js
141 silly gunzTarPerm modified mode [ 'browser/adapters/test/jasmine.js', 436, 420 ]
142 silly gunzTarPerm extractEntry browser/adapters/test/mocha.html
143 silly gunzTarPerm modified mode [ 'browser/adapters/test/mocha.html', 436, 420 ]
144 silly gunzTarPerm extractEntry browser/adapters/test/mocha.js
145 silly gunzTarPerm modified mode [ 'browser/adapters/test/mocha.js', 436, 420 ]
146 silly gunzTarPerm extractEntry browser/adapters/test/qunit.html
147 silly gunzTarPerm modified mode [ 'browser/adapters/test/qunit.html', 436, 420 ]
148 silly gunzTarPerm extractEntry browser/adapters/test/qunit.js
149 silly gunzTarPerm modified mode [ 'browser/adapters/test/qunit.js', 436, 420 ]
150 silly gunzTarPerm extractEntry browser/core.js
151 silly gunzTarPerm modified mode [ 'browser/core.js', 436, 420 ]
152 silly gunzTarPerm extractEntry browser/getters.js
153 silly gunzTarPerm modified mode [ 'browser/getters.js', 436, 420 ]
154 silly gunzTarPerm extractEntry browser/init.js
155 silly gunzTarPerm modified mode [ 'browser/init.js', 436, 420 ]
156 silly gunzTarPerm extractEntry browser/jquery.js
157 silly gunzTarPerm modified mode [ 'browser/jquery.js', 436, 420 ]
158 silly gunzTarPerm extractEntry browser/open.js
159 silly gunzTarPerm modified mode [ 'browser/open.js', 436, 420 ]
160 silly gunzTarPerm extractEntry browser/queue.js
161 silly gunzTarPerm modified mode [ 'browser/queue.js', 436, 420 ]
162 silly gunzTarPerm extractEntry browser/traversers.js
163 silly gunzTarPerm modified mode [ 'browser/traversers.js', 436, 420 ]
164 silly gunzTarPerm extractEntry browser/waits.js
165 silly gunzTarPerm modified mode [ 'browser/waits.js', 436, 420 ]
166 silly gunzTarPerm extractEntry build.js
167 silly gunzTarPerm modified mode [ 'build.js', 436, 420 ]
168 silly gunzTarPerm extractEntry dist/
169 silly gunzTarPerm modified mode [ 'dist/', 509, 493 ]
170 silly gunzTarPerm extractEntry dist/funcunit.js
171 silly gunzTarPerm modified mode [ 'dist/funcunit.js', 436, 420 ]
172 silly gunzTarPerm extractEntry funcunit.html
173 silly gunzTarPerm modified mode [ 'funcunit.html', 436, 420 ]
174 silly gunzTarPerm extractEntry funcunit.js
175 silly gunzTarPerm modified mode [ 'funcunit.js', 436, 420 ]
176 silly gunzTarPerm extractEntry package.json
177 silly gunzTarPerm modified mode [ 'package.json', 436, 420 ]
178 silly gunzTarPerm extractEntry steal/
179 silly gunzTarPerm modified mode [ 'steal/', 509, 493 ]
180 silly gunzTarPerm extractEntry steal/dev/
181 silly gunzTarPerm modified mode [ 'steal/dev/', 509, 493 ]
182 silly gunzTarPerm extractEntry steal/dev/dev.js
183 silly gunzTarPerm modified mode [ 'steal/dev/dev.js', 436, 420 ]
184 silly gunzTarPerm extractEntry steal/steal.js
185 silly gunzTarPerm modified mode [ 'steal/steal.js', 436, 420 ]
186 silly gunzTarPerm extractEntry stealconfig.js
187 silly gunzTarPerm modified mode [ 'stealconfig.js', 436, 420 ]
188 silly gunzTarPerm extractEntry test/
189 silly gunzTarPerm modified mode [ 'test/', 509, 493 ]
190 silly gunzTarPerm extractEntry test/confirm.html
191 silly gunzTarPerm modified mode [ 'test/confirm.html', 436, 420 ]
192 silly gunzTarPerm extractEntry test/coverage/
193 silly gunzTarPerm modified mode [ 'test/coverage/', 509, 493 ]
194 silly gunzTarPerm extractEntry test/coverage/test.html
195 silly gunzTarPerm modified mode [ 'test/coverage/test.html', 436, 420 ]
196 silly gunzTarPerm extractEntry test/coverage/widget.html
197 silly gunzTarPerm modified mode [ 'test/coverage/widget.html', 436, 420 ]
198 silly gunzTarPerm extractEntry test/coverage/widget.js
199 silly gunzTarPerm modified mode [ 'test/coverage/widget.js', 436, 420 ]
200 silly gunzTarPerm extractEntry test/coverage/widget_test.js
201 silly gunzTarPerm modified mode [ 'test/coverage/widget_test.js', 436, 420 ]
202 silly gunzTarPerm extractEntry test/drag/
203 silly gunzTarPerm modified mode [ 'test/drag/', 509, 493 ]
204 silly gunzTarPerm extractEntry test/drag/drag.html
205 silly gunzTarPerm modified mode [ 'test/drag/drag.html', 436, 420 ]
206 silly gunzTarPerm extractEntry test/drag/drag.js
207 silly gunzTarPerm modified mode [ 'test/drag/drag.js', 436, 420 ]
208 silly gunzTarPerm extractEntry test/findclosest.html
209 silly gunzTarPerm modified mode [ 'test/findclosest.html', 436, 420 ]
210 silly gunzTarPerm extractEntry test/funcunit/
211 silly gunzTarPerm modified mode [ 'test/funcunit/', 509, 493 ]
212 silly gunzTarPerm extractEntry test/funcunit/actions_test.js
213 silly gunzTarPerm modified mode [ 'test/funcunit/actions_test.js', 436, 420 ]
214 silly gunzTarPerm extractEntry test/funcunit/confirm_test.js
215 silly gunzTarPerm modified mode [ 'test/funcunit/confirm_test.js', 436, 420 ]
216 silly gunzTarPerm extractEntry test/funcunit/find_closest_test.js
217 silly gunzTarPerm modified mode [ 'test/funcunit/find_closest_test.js', 436, 420 ]
218 silly gunzTarPerm extractEntry test/funcunit/funcunit.js
219 silly gunzTarPerm modified mode [ 'test/funcunit/funcunit.js', 436, 420 ]
220 silly gunzTarPerm extractEntry test/funcunit/funcunit_test.js
221 silly gunzTarPerm modified mode [ 'test/funcunit/funcunit_test.js', 436, 420 ]
222 silly gunzTarPerm extractEntry test/funcunit/iframe_test.js
223 silly gunzTarPerm modified mode [ 'test/funcunit/iframe_test.js', 436, 420 ]
224 silly gunzTarPerm extractEntry test/funcunit/open_test.js
225 silly gunzTarPerm modified mode [ 'test/funcunit/open_test.js', 436, 420 ]
226 silly gunzTarPerm extractEntry test/funcunit/syn_test.js
227 silly gunzTarPerm modified mode [ 'test/funcunit/syn_test.js', 436, 420 ]
228 silly gunzTarPerm extractEntry test/iframe/
229 silly gunzTarPerm modified mode [ 'test/iframe/', 509, 493 ]
230 silly gunzTarPerm extractEntry test/iframe/haveframe.html
231 silly gunzTarPerm modified mode [ 'test/iframe/haveframe.html', 436, 420 ]
232 silly gunzTarPerm extractEntry test/iframe/iframe.html
233 silly gunzTarPerm modified mode [ 'test/iframe/iframe.html', 436, 420 ]
234 silly gunzTarPerm extractEntry test/iframe/iframe2.html
235 silly gunzTarPerm modified mode [ 'test/iframe/iframe2.html', 436, 420 ]
236 silly gunzTarPerm extractEntry test/iframe/replaceframe.html
237 silly gunzTarPerm modified mode [ 'test/iframe/replaceframe.html', 436, 420 ]
238 silly gunzTarPerm extractEntry test/jquerypp.js
239 silly gunzTarPerm modified mode [ 'test/jquerypp.js', 436, 420 ]
240 silly gunzTarPerm extractEntry test/myapp.html
241 silly gunzTarPerm modified mode [ 'test/myapp.html', 436, 420 ]
242 silly gunzTarPerm extractEntry test/myotherapp.html
243 silly gunzTarPerm modified mode [ 'test/myotherapp.html', 436, 420 ]
244 silly gunzTarPerm extractEntry test/open/
245 silly gunzTarPerm modified mode [ 'test/open/', 509, 493 ]
246 silly gunzTarPerm extractEntry test/open/first.html
247 silly gunzTarPerm modified mode [ 'test/open/first.html', 436, 420 ]
248 silly gunzTarPerm extractEntry test/open/second.html
249 silly gunzTarPerm modified mode [ 'test/open/second.html', 436, 420 ]
250 silly gunzTarPerm extractEntry test/scroll.html
251 silly gunzTarPerm modified mode [ 'test/scroll.html', 436, 420 ]
252 silly lockFile 7f325929-16316670458763838-tmp-tgz-unpack tar:///tmp/npm-7409-lUjyZddJ/1421703446822-0.016316670458763838/tmp.tgz-unpack
253 silly lockFile 7f325929-16316670458763838-tmp-tgz-unpack tar:///tmp/npm-7409-lUjyZddJ/1421703446822-0.016316670458763838/tmp.tgz-unpack
254 silly lockFile 4d837ec9-822-0-016316670458763838-tmp-tgz tar:///tmp/npm-7409-lUjyZddJ/1421703446822-0.016316670458763838/tmp.tgz
255 silly lockFile 4d837ec9-822-0-016316670458763838-tmp-tgz tar:///tmp/npm-7409-lUjyZddJ/1421703446822-0.016316670458763838/tmp.tgz
256 silly lockFile ddf0bf2e-https-github-com-bitovi-funcunit https://github.com/bitovi/funcunit
257 silly lockFile ddf0bf2e-https-github-com-bitovi-funcunit https://github.com/bitovi/funcunit
258 error Error: No version provided
258 error     at needVersion (/usr/local/lib/node_modules/npm/lib/cache/add-local-tarball.js:221:40)
258 error     at /usr/local/lib/node_modules/npm/lib/cache/add-local-tarball.js:158:12
258 error     at process._tickCallback (node.js:419:13)
259 error If you need help, you may report this *entire* log,
259 error including the npm and node versions, at:
259 error     <http://github.com/npm/npm/issues>
260 error System Linux 3.13.0-37-generic
261 error command "/usr/local/bin/node" "/usr/local/bin/npm" "install"
262 error cwd /home/nimaai/src/private/nlr-web
263 error node -v v0.10.33
264 error npm -v 1.4.28
265 verbose exit [ 1, true ]
